<?xml version="1.0" encoding="UTF-8"?>
<!-- Generated by org.testng.reporters.JUnitXMLReporter -->
<testsuite hostname="DESKTOP-S6POP2D" ignored="0" name="Default test" tests="3" failures="0" timestamp="06 Jun 2022 02:20:33 GMT" time="1.927" errors="0">
  <testcase name="logintest" time="1.88" classname="com.Test.LoginTest"/>
  <testcase name="failTest" time="0.013" classname="com.Test.LoginTest"/>
  <testcase name="skipTest" time="0.001" classname="com.Test.LoginTest">
    <skipped/>
  </testcase> <!-- skipTest -->
</testsuite> <!-- Default test -->
