<?xml version="1.0" encoding="UTF-8"?>
<testng-results skipped="1" failed="0" ignored="2" total="3" passed="0">
  <reporter-output>
  </reporter-output>
  <suite name="Default suite" duration-ms="40" started-at="2022-07-09T05:32:40Z" finished-at="2022-07-09T05:32:40Z">
    <groups>
    </groups>
    <test name="Default test" duration-ms="40" started-at="2022-07-09T05:32:40Z" finished-at="2022-07-09T05:32:40Z">
      <class name="com.Test.LoginTest">
        <test-method status="PASS" signature="setUp()[pri:0, instance:com.Test.LoginTest@887af79]" name="setUp" is-config="true" duration-ms="5523" started-at="2022-07-09T11:02:34Z" finished-at="2022-07-09T11:02:40Z">
          <reporter-output>
          </reporter-output>
        </test-method> <!-- setUp -->
        <test-method status="SKIP" signature="skipTest()[pri:3, instance:com.Test.LoginTest@887af79]" name="skipTest" duration-ms="12" started-at="2022-07-09T11:02:40Z" finished-at="2022-07-09T11:02:40Z">
          <exception class="org.testng.SkipException">
            <message>
              <![CDATA[skipping a testcase]]>
            </message>
            <full-stacktrace>
              <![CDATA[org.testng.SkipException: skipping a testcaseat com.Test.LoginTest.skipTest(LoginTest.java:42)at sun.reflect.NativeMethodAccessorImpl.invoke0(Native Method)at sun.reflect.NativeMethodAccessorImpl.invoke(Unknown Source)at sun.reflect.DelegatingMethodAccessorImpl.invoke(Unknown Source)at java.lang.reflect.Method.invoke(Unknown Source)at org.testng.internal.MethodInvocationHelper.invokeMethod(MethodInvocationHelper.java:124)at org.testng.internal.Invoker.invokeMethod(Invoker.java:571)at org.testng.internal.Invoker.invokeTestMethod(Invoker.java:707)at org.testng.internal.Invoker.invokeTestMethods(Invoker.java:979)at org.testng.internal.TestMethodWorker.invokeTestMethods(TestMethodWorker.java:125)at org.testng.internal.TestMethodWorker.run(TestMethodWorker.java:109)at org.testng.TestRunner.privateRun(TestRunner.java:648)at org.testng.TestRunner.run(TestRunner.java:505)at org.testng.SuiteRunner.runTest(SuiteRunner.java:455)at org.testng.SuiteRunner.runSequentially(SuiteRunner.java:450)at org.testng.SuiteRunner.privateRun(SuiteRunner.java:415)at org.testng.SuiteRunner.run(SuiteRunner.java:364)at org.testng.SuiteRunnerWorker.runSuite(SuiteRunnerWorker.java:52)at org.testng.SuiteRunnerWorker.run(SuiteRunnerWorker.java:84)at org.testng.TestNG.runSuitesSequentially(TestNG.java:1187)at org.testng.TestNG.runSuitesLocally(TestNG.java:1116)at org.testng.TestNG.runSuites(TestNG.java:1028)at org.testng.TestNG.run(TestNG.java:996)at org.testng.remote.AbstractRemoteTestNG.run(AbstractRemoteTestNG.java:114)at org.testng.remote.RemoteTestNG.initAndRun(RemoteTestNG.java:251)at org.testng.remote.RemoteTestNG.main(RemoteTestNG.java:77)]]>
            </full-stacktrace>
          </exception> <!-- org.testng.SkipException -->
          <reporter-output>
          </reporter-output>
        </test-method> <!-- skipTest -->
      </class> <!-- com.Test.LoginTest -->
    </test> <!-- Default test -->
  </suite> <!-- Default suite -->
</testng-results>
